------------------------------------------------------------------------------
                           GCC Code Coverage Report
Directory: /home/qwinsiq/Desktop/test_project/test/bin
------------------------------------------------------------------------------
File                                       Lines    Exec  Cover   Missing
------------------------------------------------------------------------------
------------------------------------------------------------------------------
TOTAL                                          0       0    --%
------------------------------------------------------------------------------
